<?xml version="1.0" encoding="UTF-8"?>
<!-- Generated by org.testng.reporters.JUnitReportReporter -->
<testsuite hostname="AarthiN" failures="0" tests="3" name="mycourse.tests.SubmitOrderTest2" time="38.455" errors="0" timestamp="2024-04-02T20:48:22 IST" skipped="0">
  <testcase classname="mycourse.tests.SubmitOrderTest2" name="OrderHistoryTest" time="6.634"/>
  <testcase classname="mycourse.tests.SubmitOrderTest2" name="submitOrder" time="13.413"/>
  <testcase classname="mycourse.tests.SubmitOrderTest2" name="submitOrder" time="18.408"/>
</testsuite> <!-- mycourse.tests.SubmitOrderTest2 -->
