<?xml version="1.0" encoding="UTF-8"?>
<!-- Generated by org.testng.reporters.JUnitReportReporter -->
<testsuite hostname="IIPLLAP0078" failures="0" tests="2" name="mycourse.tests.SubmitOrderTest" time="33.107" errors="0" timestamp="2024-03-10T19:27:52 IST" skipped="0">
  <testcase classname="mycourse.tests.SubmitOrderTest" name="submitOrder" time="20.399"/>
  <testcase classname="mycourse.tests.SubmitOrderTest" name="OrderHistoryTest" time="12.708"/>
</testsuite> <!-- mycourse.tests.SubmitOrderTest -->
