<?xml version="1.0" encoding="UTF-8"?>
<!-- Generated by org.testng.reporters.JUnitReportReporter -->
<testsuite hostname="AarthiN" failures="0" tests="3" name="mycourse.tests.ErrorValidationsTest" time="66.409" errors="0" timestamp="2024-04-02T20:48:22 IST" skipped="1">
  <testcase classname="mycourse.tests.ErrorValidationsTest" name="LoginErrorValidation" time="2.225"/>
  <testcase classname="mycourse.tests.ErrorValidationsTest" name="ProductErrorValidation" time="17.786"/>
  <testcase classname="mycourse.tests.ErrorValidationsTest" name="ProductErrorValidation" time="46.398">
    <skipped/>
  </testcase> <!-- ProductErrorValidation -->
</testsuite> <!-- mycourse.tests.ErrorValidationsTest -->
