<?xml version="1.0" encoding="UTF-8"?>
<!-- Generated by org.testng.reporters.JUnitReportReporter -->
<testsuite hostname="IIPLLAP0078" failures="0" tests="1" name="mycourse.tests.ErrorValidations" time="7.936" errors="0" timestamp="2024-02-06T21:22:47 IST" skipped="0">
  <testcase classname="mycourse.tests.ErrorValidations" name="submitOrder" time="7.936"/>
</testsuite> <!-- mycourse.tests.ErrorValidations -->
