<?xml version="1.0" encoding="UTF-8"?>
<!-- Generated by org.testng.reporters.JUnitReportReporter -->
<testsuite hostname="AarthiN" failures="0" tests="4" name="mycourse.tests.ErrorValidationsTest" time="90.975" errors="0" timestamp="2024-05-04T22:01:44 IST" skipped="1">
  <testcase classname="mycourse.tests.ErrorValidationsTest" name="ProductErrorValidation" time="51.331">
    <skipped/>
  </testcase> <!-- ProductErrorValidation -->
  <testcase classname="mycourse.tests.ErrorValidationsTest" name="LoginErrorValidation" time="8.540"/>
  <testcase classname="mycourse.tests.ErrorValidationsTest" name="ProductErrorValidation" time="24.435"/>
  <testcase classname="mycourse.tests.ErrorValidationsTest" name="LoginErrorValidation" time="6.669"/>
</testsuite> <!-- mycourse.tests.ErrorValidationsTest -->
