<?xml version="1.0" encoding="UTF-8"?>
<!-- Generated by org.testng.reporters.JUnitReportReporter -->
<testsuite hostname="AarthiN" failures="0" tests="5" name="mycourse.tests.SubmitOrderTest2" time="107.900" errors="0" timestamp="2024-05-04T22:01:44 IST" skipped="0">
  <testcase classname="mycourse.tests.SubmitOrderTest2" name="OrderHistoryTest" time="11.177"/>
  <testcase classname="mycourse.tests.SubmitOrderTest2" name="submitOrder" time="24.355"/>
  <testcase classname="mycourse.tests.SubmitOrderTest2" name="submitOrder" time="24.017"/>
  <testcase classname="mycourse.tests.SubmitOrderTest2" name="submitOrder" time="24.592"/>
  <testcase classname="mycourse.tests.SubmitOrderTest2" name="submitOrder" time="23.759"/>
</testsuite> <!-- mycourse.tests.SubmitOrderTest2 -->
